<?xml version="1.0" encoding="UTF-8"?>
<testsuite xmlns:xsi="http://www.w3.org/2001/XMLSchema-instance" xsi:noNamespaceSchemaLocation="https://maven.apache.org/surefire/maven-surefire-plugin/xsd/surefire-test-report.xsd" name="com.mouwafic.AppTest" time="0.112" tests="1" errors="0" skipped="0" failures="0">
  <properties>
    <property name="java.specification.version" value="23"/>
    <property name="sun.cpu.isalist" value="amd64"/>
    <property name="sun.jnu.encoding" value="Cp1252"/>
    <property name="java.class.path" value="C:\Users\ed\Dev\Portfolio\Perso\Echecs\echecs\target\test-classes;C:\Users\ed\Dev\Portfolio\Perso\Echecs\echecs\target\classes;C:\Users\ed\.m2\repository\junit\junit\4.11\junit-4.11.jar;C:\Users\ed\.m2\repository\org\hamcrest\hamcrest-core\1.3\hamcrest-core-1.3.jar;"/>
    <property name="java.vm.vendor" value="Oracle Corporation"/>
    <property name="sun.arch.data.model" value="64"/>
    <property name="user.variant" value=""/>
    <property name="java.vendor.url" value="https://java.oracle.com/"/>
    <property name="user.timezone" value="Africa/Porto-Novo"/>
    <property name="user.country.format" value="BJ"/>
    <property name="os.name" value="Windows 11"/>
    <property name="java.vm.specification.version" value="23"/>
    <property name="sun.java.launcher" value="SUN_STANDARD"/>
    <property name="user.country" value="FR"/>
    <property name="sun.boot.library.path" value="C:\Program Files\Java\jdk-23\bin"/>
    <property name="sun.java.command" value="C:\Users\ed\AppData\Local\Temp\surefire8498297039634328278\surefirebooter6479909464352457871.jar C:\Users\ed\AppData\Local\Temp\surefire8498297039634328278 2024-11-24T07-54-06_701-jvmRun1 surefire6281301042359997057tmp surefire_012183543167362605582tmp"/>
    <property name="jdk.debug" value="release"/>
    <property name="surefire.test.class.path" value="C:\Users\ed\Dev\Portfolio\Perso\Echecs\echecs\target\test-classes;C:\Users\ed\Dev\Portfolio\Perso\Echecs\echecs\target\classes;C:\Users\ed\.m2\repository\junit\junit\4.11\junit-4.11.jar;C:\Users\ed\.m2\repository\org\hamcrest\hamcrest-core\1.3\hamcrest-core-1.3.jar;"/>
    <property name="sun.cpu.endian" value="little"/>
    <property name="user.home" value="C:\Users\ed"/>
    <property name="user.language" value="fr"/>
    <property name="java.specification.vendor" value="Oracle Corporation"/>
    <property name="java.version.date" value="2024-10-15"/>
    <property name="java.home" value="C:\Program Files\Java\jdk-23"/>
    <property name="file.separator" value="\"/>
    <property name="basedir" value="C:\Users\ed\Dev\Portfolio\Perso\Echecs\echecs"/>
    <property name="java.vm.compressedOopsMode" value="32-bit"/>
    <property name="line.separator" value="&#10;"/>
    <property name="java.vm.specification.vendor" value="Oracle Corporation"/>
    <property name="java.specification.name" value="Java Platform API Specification"/>
    <property name="surefire.real.class.path" value="C:\Users\ed\AppData\Local\Temp\surefire8498297039634328278\surefirebooter6479909464352457871.jar"/>
    <property name="user.script" value=""/>
    <property name="sun.management.compiler" value="HotSpot 64-Bit Tiered Compilers"/>
    <property name="java.runtime.version" value="23.0.1+11-39"/>
    <property name="user.name" value="ed"/>
    <property name="stdout.encoding" value="Cp1252"/>
    <property name="path.separator" value=";"/>
    <property name="os.version" value="10.0"/>
    <property name="java.runtime.name" value="Java(TM) SE Runtime Environment"/>
    <property name="file.encoding" value="UTF-8"/>
    <property name="java.vm.name" value="Java HotSpot(TM) 64-Bit Server VM"/>
    <property name="localRepository" value="C:\Users\ed\.m2\repository"/>
    <property name="java.vendor.url.bug" value="https://bugreport.java.com/bugreport/"/>
    <property name="java.io.tmpdir" value="C:\Users\ed\AppData\Local\Temp\"/>
    <property name="java.version" value="23.0.1"/>
    <property name="user.dir" value="C:\Users\ed\Dev\Portfolio\Perso\Echecs\echecs"/>
    <property name="os.arch" value="amd64"/>
    <property name="java.vm.specification.name" value="Java Virtual Machine Specification"/>
    <property name="sun.os.patch.level" value=""/>
    <property name="native.encoding" value="Cp1252"/>
    <property name="java.library.path" value="C:\Program Files\Java\jdk-23\bin;C:\Windows\Sun\Java\bin;C:\Windows\system32;C:\Windows;C:\Python312\Scripts\;C:\Python312\;C:\Program Files\Common Files\Oracle\Java\javapath;c:\Users\ed\AppData\Local\Programs\cursor\resources\app\bin;c:\Users\ed\AppData\Local\Programs\cursor\resources\app\bin;C:\Windows\system32;C:\Windows;C:\Windows\System32\Wbem;C:\Windows\System32\WindowsPowerShell\v1.0\;C:\Windows\System32\OpenSSH\;C:\Program Files (x86)\Intel\Intel(R) Management Engine Components\DAL;C:\Program Files\Intel\Intel(R) Management Engine Components\DAL;C:\ProgramData\chocolatey\bin;C:\Users\ed\AppData\Local\Microsoft\WindowsApps;C:\Program Files\mingw64\bin;C:\Users\ed\AppData\Local\GitHubDesktop\bin;C:\xampp\php;C:\Users\ed\AppData\Roaming\npm;c:\Users\ed\AppData\Local\Programs\cursor\resources\app\bin;C:\Users\ed\AppData\Local\Microsoft\WindowsApps;C:\Program Files\mingw64\bin;C:\Users\ed\AppData\Local\GitHubDesktop\bin;C:\xampp\php;C:\Users\ed\AppData\Roaming\npm;c:\Users\ed\AppData\Local\Programs\cursor\resources\app\bin;C:\Program Files\Microsoft VS Code\bin;C:\Program Files\Git\cmd;C:\Program Files\nodejs\;C:\Program Files (x86)\Apache\Maven\bin;C:\Users\ed\.console-ninja\.bin;C:\Users\ed\AppData\Local\Microsoft\WindowsApps;C:\Program Files\mingw64\bin;C:\Users\ed\AppData\Local\GitHubDesktop\bin;C:\xampp\php;C:\Users\ed\AppData\Local\spicetify;C:\Users\ed\AppData\Local\JetBrains\Toolbox\scripts;C:\Users\ed\AppData\Roaming\npm;C:\Users\ed\AppData\Local\Programs\Ollama;."/>
    <property name="java.vm.info" value="mixed mode, sharing"/>
    <property name="stderr.encoding" value="Cp1252"/>
    <property name="java.vendor" value="Oracle Corporation"/>
    <property name="java.vm.version" value="23.0.1+11-39"/>
    <property name="sun.io.unicode.encoding" value="UnicodeLittle"/>
    <property name="java.class.version" value="67.0"/>
  </properties>
  <testcase name="shouldAnswerWithTrue" classname="com.mouwafic.AppTest" time="0.006"/>
</testsuite>